c:\users\anton\onedrive\desktop\cs2 internal\internal base\x64\debug\vc143.pdb
c:\users\anton\onedrive\desktop\cs2 internal\internal base\x64\debug\vc143.idb
c:\users\anton\onedrive\desktop\cs2 internal\internal base\x64\debug\trampoline.obj
c:\users\anton\onedrive\desktop\cs2 internal\internal base\x64\debug\hook.obj
c:\users\anton\onedrive\desktop\cs2 internal\internal base\x64\debug\hde64.obj
c:\users\anton\onedrive\desktop\cs2 internal\internal base\x64\debug\hde32.obj
c:\users\anton\onedrive\desktop\cs2 internal\internal base\x64\debug\buffer.obj
c:\users\anton\onedrive\desktop\cs2 internal\internal base\x64\debug\menu.obj
c:\users\anton\onedrive\desktop\cs2 internal\internal base\x64\debug\hooks.obj
c:\users\anton\onedrive\desktop\cs2 internal\internal base\x64\debug\patternscan.obj
c:\users\anton\onedrive\desktop\cs2 internal\internal base\x64\debug\entitymanager.obj
c:\users\anton\onedrive\desktop\cs2 internal\internal base\x64\debug\visuals.obj
c:\users\anton\onedrive\desktop\cs2 internal\internal base\x64\debug\enemycounter.obj
c:\users\anton\onedrive\desktop\cs2 internal\internal base\x64\debug\esp.obj
c:\users\anton\onedrive\desktop\cs2 internal\internal base\x64\debug\chams.obj
c:\users\anton\onedrive\desktop\cs2 internal\internal base\x64\debug\aimbot.obj
c:\users\anton\onedrive\desktop\cs2 internal\internal base\x64\debug\main.obj
c:\users\anton\onedrive\desktop\cs2 internal\internal base\x64\debug\config.obj
c:\users\anton\onedrive\desktop\cs2 internal\internal base\x64\debug\imgui_widgets.obj
c:\users\anton\onedrive\desktop\cs2 internal\internal base\x64\debug\imgui_tables.obj
c:\users\anton\onedrive\desktop\cs2 internal\internal base\x64\debug\imgui_impl_win32.obj
c:\users\anton\onedrive\desktop\cs2 internal\internal base\x64\debug\imgui_impl_dx11.obj
c:\users\anton\onedrive\desktop\cs2 internal\internal base\x64\debug\imgui_draw.obj
c:\users\anton\onedrive\desktop\cs2 internal\internal base\x64\debug\imgui_demo.obj
c:\users\anton\onedrive\desktop\cs2 internal\internal base\x64\debug\imgui.obj
c:\users\anton\onedrive\desktop\cs2 internal\internal base\x64\debug\misc.obj
c:\users\anton\onedrive\desktop\cs2 internal\x64\debug\internal base.dll
c:\users\anton\onedrive\desktop\cs2 internal\x64\debug\internal base.pdb
c:\users\anton\onedrive\desktop\cs2 internal\internal base\x64\debug\bhop.h.module.json
c:\users\anton\onedrive\desktop\cs2 internal\internal base\x64\debug\internal base.ilk
c:\users\anton\onedrive\desktop\cs2 internal\internal base\x64\debug\bhop.h.obj
c:\users\anton\onedrive\desktop\cs2 internal\internal base\x64\debug\bhop.obj
c:\users\anton\onedrive\desktop\cs2 internal\internal base\x64\debug\internal base.tlog\cl.command.1.tlog
c:\users\anton\onedrive\desktop\cs2 internal\internal base\x64\debug\internal base.tlog\cl.items.tlog
c:\users\anton\onedrive\desktop\cs2 internal\internal base\x64\debug\internal base.tlog\cl.read.1.tlog
c:\users\anton\onedrive\desktop\cs2 internal\internal base\x64\debug\internal base.tlog\cl.write.1.tlog
c:\users\anton\onedrive\desktop\cs2 internal\internal base\x64\debug\internal base.tlog\link.command.1.tlog
c:\users\anton\onedrive\desktop\cs2 internal\internal base\x64\debug\internal base.tlog\link.read.1.tlog
c:\users\anton\onedrive\desktop\cs2 internal\internal base\x64\debug\internal base.tlog\link.secondary.1.tlog
c:\users\anton\onedrive\desktop\cs2 internal\internal base\x64\debug\internal base.tlog\link.write.1.tlog
c:\users\anton\onedrive\desktop\cs2 internal\internal base\x64\debug\internal base_md.tlog\cl.command.1.tlog
c:\users\anton\onedrive\desktop\cs2 internal\internal base\x64\debug\internal base_md.tlog\microsoft.build.cpptasks.cl.read.1.tlog
c:\users\anton\onedrive\desktop\cs2 internal\internal base\x64\debug\internal base_md.tlog\microsoft.build.cpptasks.cl.write.1.tlog
